Arguments: 
  /Users/andrew/.nvm/versions/node/v16.18.1/bin/node /usr/local/bin/yarn dev

PATH: 
  /Users/andrew/.nvm/versions/node/v16.18.1/bin:/opt/homebrew/bin:/opt/homebrew/sbin:/usr/local/bin:/usr/bin:/bin:/usr/sbin:/sbin:/usr/local/go/bin:/Users/andrew/Library/Application Support/JetBrains/Toolbox/scripts

Yarn version: 
  1.22.19

Node version: 
  16.18.1

Platform: 
  darwin arm64

Trace: 
  SyntaxError: /Users/andrew/DEV/prospectools/package.json: Unexpected string in JSON at position 93
      at JSON.parse (<anonymous>)
      at /usr/local/lib/node_modules/yarn/lib/cli.js:1629:59
      at Generator.next (<anonymous>)
      at step (/usr/local/lib/node_modules/yarn/lib/cli.js:310:30)
      at /usr/local/lib/node_modules/yarn/lib/cli.js:321:13

npm manifest: 
  {
    "name": "prospectools",
    "version": "1.0.0",
    "main": "index.js",
    "license": "MIT"
    "scripts": {
      "dev": "nodemon app.js",
      "start": "node app.js"
    }
  }

yarn manifest: 
  No manifest

Lockfile: 
  No lockfile
